<?xml version="1.0" encoding="UTF-8"?>
<!-- Generated by org.testng.reporters.JUnitReportReporter -->
<testsuite hostname="DESKTOP-0J4U78I" failures="0" tests="1" name="element.log" time="62.108" errors="0" timestamp="21 Jan 2022 11:50:59 GMT" skipped="0">
  <testcase classname="element.log" name="Log" time="62.108"/>
</testsuite> <!-- element.log -->
